[[32mINFO[0m] [util.py:150 - setup_default_logger() ] Writing logs to math_dataset_outputs/logs/2025-11-13_23-02-25.log
[[32mINFO[0m] [orchestrator.py:51 -             __init__() ] Loaded domain-specific evaluation prompt for: math
[[32mINFO[0m] [orchestrator.py:106 - _evaluate_initial_answers() ] Evaluated ANSWER_A (distill_llama_output): Overall=4 [correctness:5, reasoning:4, completeness:5, accuracy:5]
[[32mINFO[0m] [orchestrator.py:127 - _evaluate_initial_answers() ] Evaluated ANSWER_B (llama_output): Overall=5 [correctness:5, reasoning:4, completeness:5, accuracy:5]
[[32mINFO[0m] [orchestrator.py:159 -                  run() ] Round 1 Turn 1 Role AFFIRMATIVE Score -1 []
[[32mINFO[0m] [orchestrator.py:159 -                  run() ] Round 1 Turn 2 Role NEGATIVE Score 3 [correctness:3, reasoning:4, completeness:4, accuracy:4]
[[32mINFO[0m] [orchestrator.py:159 -                  run() ] Round 2 Turn 3 Role AFFIRMATIVE Score 4 [correctness:4, reasoning:4, completeness:5, accuracy:4]
[[32mINFO[0m] [orchestrator.py:159 -                  run() ] Round 2 Turn 4 Role NEGATIVE Score 4 [correctness:5, reasoning:4, completeness:4, accuracy:5]
[[32mINFO[0m] [runner_debate_dataset.py:110 -                 main() ] Completed debate 3 topic snippet=[An airport has only 2 planes that fly multiple times a day. Each day, the first ]
[[32mINFO[0m] [orchestrator.py:51 -             __init__() ] Loaded domain-specific evaluation prompt for: math
[[32mINFO[0m] [orchestrator.py:106 - _evaluate_initial_answers() ] Evaluated ANSWER_A (distill_llama_output): Overall=4 [correctness:5, reasoning:4, completeness:5, accuracy:5]
[[32mINFO[0m] [orchestrator.py:127 - _evaluate_initial_answers() ] Evaluated ANSWER_B (llama_output): Overall=5 [correctness:5, reasoning:5, completeness:5, accuracy:5]
[[32mINFO[0m] [orchestrator.py:159 -                  run() ] Round 1 Turn 1 Role AFFIRMATIVE Score 5 [correctness:5, reasoning:4, completeness:5, accuracy:5]
[[32mINFO[0m] [orchestrator.py:159 -                  run() ] Round 1 Turn 2 Role NEGATIVE Score 3 [correctness:3, reasoning:4, completeness:5, accuracy:4]
[[32mINFO[0m] [orchestrator.py:159 -                  run() ] Round 2 Turn 3 Role AFFIRMATIVE Score 3 [correctness:3, reasoning:4, completeness:5, accuracy:4]
[[32mINFO[0m] [orchestrator.py:159 -                  run() ] Round 2 Turn 4 Role NEGATIVE Score 3 [correctness:2, reasoning:4, completeness:5, accuracy:3]
[[32mINFO[0m] [runner_debate_dataset.py:110 -                 main() ] Completed debate 4 topic snippet=[How much does it cost you for lunch today at Subway if you pay $40 for a foot-lo]
[[32mINFO[0m] [orchestrator.py:51 -             __init__() ] Loaded domain-specific evaluation prompt for: math
[[32mINFO[0m] [orchestrator.py:106 - _evaluate_initial_answers() ] Evaluated ANSWER_A (distill_llama_output): Overall=4 [correctness:5, reasoning:4, completeness:5, accuracy:5]
[[32mINFO[0m] [orchestrator.py:127 - _evaluate_initial_answers() ] Evaluated ANSWER_B (llama_output): Overall=5 [correctness:5, reasoning:4, completeness:5, accuracy:5]
[[32mINFO[0m] [orchestrator.py:159 -                  run() ] Round 1 Turn 1 Role AFFIRMATIVE Score 4 [correctness:5, reasoning:4, completeness:5, accuracy:5]
[[32mINFO[0m] [orchestrator.py:159 -                  run() ] Round 1 Turn 2 Role NEGATIVE Score 4 [correctness:5, reasoning:4, completeness:5, accuracy:5]
[[32mINFO[0m] [orchestrator.py:159 -                  run() ] Round 2 Turn 3 Role AFFIRMATIVE Score 3 [correctness:3, reasoning:4, completeness:5, accuracy:5]
[[32mINFO[0m] [orchestrator.py:159 -                  run() ] Round 2 Turn 4 Role NEGATIVE Score 3 [correctness:5, reasoning:4, completeness:3, accuracy:5]
[[32mINFO[0m] [runner_debate_dataset.py:110 -                 main() ] Completed debate 5 topic snippet=[Tom's ship can travel at 10 miles per hour.  He is sailing from 1 to 4 PM.  He t]
[[32mINFO[0m] [orchestrator.py:51 -             __init__() ] Loaded domain-specific evaluation prompt for: math
[[32mINFO[0m] [orchestrator.py:106 - _evaluate_initial_answers() ] Evaluated ANSWER_A (distill_llama_output): Overall=4 [correctness:5, reasoning:4, completeness:5, accuracy:5]
[[32mINFO[0m] [orchestrator.py:127 - _evaluate_initial_answers() ] Evaluated ANSWER_B (llama_output): Overall=5 [correctness:5, reasoning:4, completeness:5, accuracy:5]
[[32mINFO[0m] [orchestrator.py:159 -                  run() ] Round 1 Turn 1 Role AFFIRMATIVE Score 4 [correctness:5, reasoning:4, completeness:5, accuracy:5]
[[32mINFO[0m] [orchestrator.py:159 -                  run() ] Round 1 Turn 2 Role NEGATIVE Score 5 [correctness:5, reasoning:4, completeness:5, accuracy:5]
