[[32mINFO[0m] [util.py:150 - setup_default_logger() ] Writing logs to math_dataset_outputs/logs/2025-11-13_23-13-50.log
[[32mINFO[0m] [orchestrator.py:51 -             __init__() ] Loaded domain-specific evaluation prompt for: math
[[32mINFO[0m] [orchestrator.py:106 - _evaluate_initial_answers() ] Evaluated ANSWER_A (distill_llama_output): Overall=4 [correctness:5, reasoning:4, completeness:5, accuracy:5]
[[32mINFO[0m] [orchestrator.py:127 - _evaluate_initial_answers() ] Evaluated ANSWER_B (llama_output): Overall=5 [correctness:5, reasoning:4, completeness:5, accuracy:5]
[[32mINFO[0m] [orchestrator.py:159 -                  run() ] Round 1 Turn 1 Role AFFIRMATIVE Score 5 [correctness:5, reasoning:4, completeness:5, accuracy:5]
[[32mINFO[0m] [orchestrator.py:159 -                  run() ] Round 1 Turn 2 Role NEGATIVE Score 3 [correctness:3, reasoning:3, completeness:4, accuracy:3]
[[32mINFO[0m] [runner_debate_dataset.py:122 -                 main() ] Completed debate 3 topic snippet=[An airport has only 2 planes that fly multiple times a day. Each day, the first ] - saved to math_dataset_outputs/debates_consolidated.json
[[32mINFO[0m] [orchestrator.py:51 -             __init__() ] Loaded domain-specific evaluation prompt for: math
[[32mINFO[0m] [orchestrator.py:106 - _evaluate_initial_answers() ] Evaluated ANSWER_A (distill_llama_output): Overall=4 [correctness:5, reasoning:4, completeness:5, accuracy:5]
[[32mINFO[0m] [orchestrator.py:127 - _evaluate_initial_answers() ] Evaluated ANSWER_B (llama_output): Overall=5 [correctness:5, reasoning:5, completeness:5, accuracy:5]
[[32mINFO[0m] [orchestrator.py:159 -                  run() ] Round 1 Turn 1 Role AFFIRMATIVE Score 5 [correctness:5, reasoning:4, completeness:5, accuracy:5]
[[32mINFO[0m] [orchestrator.py:159 -                  run() ] Round 1 Turn 2 Role NEGATIVE Score 2 [correctness:2, reasoning:4, completeness:3, accuracy:2]
[[32mINFO[0m] [runner_debate_dataset.py:122 -                 main() ] Completed debate 4 topic snippet=[How much does it cost you for lunch today at Subway if you pay $40 for a foot-lo] - saved to math_dataset_outputs/debates_consolidated.json
[[32mINFO[0m] [orchestrator.py:51 -             __init__() ] Loaded domain-specific evaluation prompt for: math
[[32mINFO[0m] [orchestrator.py:106 - _evaluate_initial_answers() ] Evaluated ANSWER_A (distill_llama_output): Overall=4 [correctness:5, reasoning:4, completeness:5, accuracy:5]
[[32mINFO[0m] [orchestrator.py:127 - _evaluate_initial_answers() ] Evaluated ANSWER_B (llama_output): Overall=5 [correctness:5, reasoning:4, completeness:5, accuracy:5]
[[32mINFO[0m] [orchestrator.py:159 -                  run() ] Round 1 Turn 1 Role AFFIRMATIVE Score 5 [correctness:5, reasoning:4, completeness:5, accuracy:5]
[[32mINFO[0m] [orchestrator.py:159 -                  run() ] Round 1 Turn 2 Role NEGATIVE Score 4 [correctness:5, reasoning:3, completeness:4, accuracy:5]
[[32mINFO[0m] [runner_debate_dataset.py:122 -                 main() ] Completed debate 5 topic snippet=[Tom's ship can travel at 10 miles per hour.  He is sailing from 1 to 4 PM.  He t] - saved to math_dataset_outputs/debates_consolidated.json
[[32mINFO[0m] [orchestrator.py:51 -             __init__() ] Loaded domain-specific evaluation prompt for: math
[[32mINFO[0m] [orchestrator.py:106 - _evaluate_initial_answers() ] Evaluated ANSWER_A (distill_llama_output): Overall=4 [correctness:5, reasoning:4, completeness:5, accuracy:5]
[[32mINFO[0m] [orchestrator.py:127 - _evaluate_initial_answers() ] Evaluated ANSWER_B (llama_output): Overall=5 [correctness:5, reasoning:4, completeness:5, accuracy:5]
[[32mINFO[0m] [orchestrator.py:159 -                  run() ] Round 1 Turn 1 Role AFFIRMATIVE Score 5 [correctness:5, reasoning:4, completeness:5, accuracy:5]
[[32mINFO[0m] [orchestrator.py:159 -                  run() ] Round 1 Turn 2 Role NEGATIVE Score 4 [correctness:5, reasoning:4, completeness:5, accuracy:5]
[[32mINFO[0m] [runner_debate_dataset.py:122 -                 main() ] Completed debate 6 topic snippet=[While working at the restaurant, each of the forty customers who came into the r] - saved to math_dataset_outputs/debates_consolidated.json
[[32mINFO[0m] [orchestrator.py:51 -             __init__() ] Loaded domain-specific evaluation prompt for: math
[[32mINFO[0m] [orchestrator.py:106 - _evaluate_initial_answers() ] Evaluated ANSWER_A (distill_llama_output): Overall=5 [correctness:5, reasoning:5, completeness:5, accuracy:5]
[[32mINFO[0m] [orchestrator.py:127 - _evaluate_initial_answers() ] Evaluated ANSWER_B (llama_output): Overall=5 [correctness:5, reasoning:5, completeness:5, accuracy:5]
[[32mINFO[0m] [orchestrator.py:159 -                  run() ] Round 1 Turn 1 Role AFFIRMATIVE Score 4 [correctness:5, reasoning:4, completeness:5, accuracy:5]
[[32mINFO[0m] [orchestrator.py:159 -                  run() ] Round 1 Turn 2 Role NEGATIVE Score 3 [correctness:5, reasoning:4, completeness:3, accuracy:5]
[[32mINFO[0m] [runner_debate_dataset.py:122 -                 main() ] Completed debate 7 topic snippet=[Patricia has 30 roses. She gave 24 roses to her mother. She bought 15 more roses] - saved to math_dataset_outputs/debates_consolidated.json
[[32mINFO[0m] [orchestrator.py:51 -             __init__() ] Loaded domain-specific evaluation prompt for: math
[[32mINFO[0m] [orchestrator.py:106 - _evaluate_initial_answers() ] Evaluated ANSWER_A (distill_llama_output): Overall=4 [correctness:5, reasoning:4, completeness:5, accuracy:5]
[[32mINFO[0m] [orchestrator.py:127 - _evaluate_initial_answers() ] Evaluated ANSWER_B (llama_output): Overall=4 [correctness:5, reasoning:4, completeness:5, accuracy:5]
[[32mINFO[0m] [orchestrator.py:159 -                  run() ] Round 1 Turn 1 Role AFFIRMATIVE Score 5 [correctness:5, reasoning:4, completeness:5, accuracy:5]
[[32mINFO[0m] [orchestrator.py:159 -                  run() ] Round 1 Turn 2 Role NEGATIVE Score 4 [correctness:5, reasoning:3, completeness:4, accuracy:5]
[[32mINFO[0m] [runner_debate_dataset.py:122 -                 main() ] Completed debate 8 topic snippet=[Caroline has 4 children.  The first child is 6 feet tall.  The second child is t] - saved to math_dataset_outputs/debates_consolidated.json
[[32mINFO[0m] [orchestrator.py:51 -             __init__() ] Loaded domain-specific evaluation prompt for: math
[[32mINFO[0m] [orchestrator.py:106 - _evaluate_initial_answers() ] Evaluated ANSWER_A (distill_llama_output): Overall=1 [correctness:5, reasoning:4, completeness:5, accuracy:5]
[[32mINFO[0m] [orchestrator.py:127 - _evaluate_initial_answers() ] Evaluated ANSWER_B (llama_output): Overall=5 [correctness:5, reasoning:5, completeness:5, accuracy:5]
[[32mINFO[0m] [orchestrator.py:159 -                  run() ] Round 1 Turn 1 Role AFFIRMATIVE Score 4 [correctness:5, reasoning:4, completeness:5, accuracy:5]
[[32mINFO[0m] [orchestrator.py:159 -                  run() ] Round 1 Turn 2 Role NEGATIVE Score 4 [correctness:5, reasoning:3, completeness:4, accuracy:5]
[[32mINFO[0m] [runner_debate_dataset.py:122 -                 main() ] Completed debate 9 topic snippet=[A pet shop had 6 cages of rodents. 3 of the cages have 10 hamsters and the other] - saved to math_dataset_outputs/debates_consolidated.json
[[32mINFO[0m] [orchestrator.py:51 -             __init__() ] Loaded domain-specific evaluation prompt for: math
[[32mINFO[0m] [orchestrator.py:106 - _evaluate_initial_answers() ] Evaluated ANSWER_A (distill_llama_output): Overall=4 [correctness:5, reasoning:4, completeness:5, accuracy:5]
[[32mINFO[0m] [orchestrator.py:127 - _evaluate_initial_answers() ] Evaluated ANSWER_B (llama_output): Overall=5 [correctness:5, reasoning:5, completeness:5, accuracy:5]
[[32mINFO[0m] [orchestrator.py:159 -                  run() ] Round 1 Turn 1 Role AFFIRMATIVE Score 4 [correctness:5, reasoning:4, completeness:5, accuracy:5]
[[32mINFO[0m] [orchestrator.py:159 -                  run() ] Round 1 Turn 2 Role NEGATIVE Score 4 [correctness:5, reasoning:4, completeness:3, accuracy:5]
[[32mINFO[0m] [runner_debate_dataset.py:122 -                 main() ] Completed debate 10 topic snippet=[Two girls each got 1/6 of the 24 liters of water. Then a boy got 6 liters of wat] - saved to math_dataset_outputs/debates_consolidated.json
[[32mINFO[0m] [orchestrator.py:51 -             __init__() ] Loaded domain-specific evaluation prompt for: math
[[32mINFO[0m] [orchestrator.py:106 - _evaluate_initial_answers() ] Evaluated ANSWER_A (distill_llama_output): Overall=4 [correctness:5, reasoning:4, completeness:5, accuracy:5]
[[32mINFO[0m] [orchestrator.py:127 - _evaluate_initial_answers() ] Evaluated ANSWER_B (llama_output): Overall=5 [correctness:5, reasoning:4, completeness:5, accuracy:5]
[[32mINFO[0m] [orchestrator.py:159 -                  run() ] Round 1 Turn 1 Role AFFIRMATIVE Score 4 [correctness:5, reasoning:4, completeness:5, accuracy:5]
[[32mINFO[0m] [orchestrator.py:159 -                  run() ] Round 1 Turn 2 Role NEGATIVE Score 3 [correctness:3, reasoning:4, completeness:5, accuracy:5]
[[32mINFO[0m] [runner_debate_dataset.py:122 -                 main() ] Completed debate 11 topic snippet=[George needs to pay for dental work. He needs 2 implants. Each implant has a bas] - saved to math_dataset_outputs/debates_consolidated.json
[[32mINFO[0m] [orchestrator.py:51 -             __init__() ] Loaded domain-specific evaluation prompt for: math
[[32mINFO[0m] [orchestrator.py:106 - _evaluate_initial_answers() ] Evaluated ANSWER_A (distill_llama_output): Overall=3 [correctness:5, reasoning:4, completeness:5, accuracy:5]
[[32mINFO[0m] [orchestrator.py:127 - _evaluate_initial_answers() ] Evaluated ANSWER_B (llama_output): Overall=5 [correctness:5, reasoning:4, completeness:5, accuracy:5]
[[32mINFO[0m] [orchestrator.py:159 -                  run() ] Round 1 Turn 1 Role AFFIRMATIVE Score 4 [correctness:4, reasoning:4, completeness:5, accuracy:5]
[[32mINFO[0m] [orchestrator.py:159 -                  run() ] Round 1 Turn 2 Role NEGATIVE Score 3 [correctness:3, reasoning:4, completeness:5, accuracy:4]
[[32mINFO[0m] [runner_debate_dataset.py:122 -                 main() ] Completed debate 12 topic snippet=[Gabriel and Luri each own a portable media player that can store up to 100 songs] - saved to math_dataset_outputs/debates_consolidated.json
[[32mINFO[0m] [orchestrator.py:51 -             __init__() ] Loaded domain-specific evaluation prompt for: math
[[32mINFO[0m] [orchestrator.py:106 - _evaluate_initial_answers() ] Evaluated ANSWER_A (distill_llama_output): Overall=4 [correctness:5, reasoning:4, completeness:5, accuracy:5]
[[32mINFO[0m] [orchestrator.py:127 - _evaluate_initial_answers() ] Evaluated ANSWER_B (llama_output): Overall=5 [correctness:5, reasoning:5, completeness:5, accuracy:5]
[[32mINFO[0m] [orchestrator.py:159 -                  run() ] Round 1 Turn 1 Role AFFIRMATIVE Score 4 [correctness:5, reasoning:4, completeness:5, accuracy:5]
[[32mINFO[0m] [orchestrator.py:159 -                  run() ] Round 1 Turn 2 Role NEGATIVE Score 4 [correctness:5, reasoning:4, completeness:4, accuracy:5]
[[32mINFO[0m] [runner_debate_dataset.py:122 -                 main() ] Completed debate 13 topic snippet=[There are forty apples in one box. Uncle Franky ordered two boxes of apples. He ] - saved to math_dataset_outputs/debates_consolidated.json
[[32mINFO[0m] [orchestrator.py:51 -             __init__() ] Loaded domain-specific evaluation prompt for: math
[[32mINFO[0m] [orchestrator.py:106 - _evaluate_initial_answers() ] Evaluated ANSWER_A (distill_llama_output): Overall=4 [correctness:5, reasoning:4, completeness:5, accuracy:5]
[[32mINFO[0m] [orchestrator.py:127 - _evaluate_initial_answers() ] Evaluated ANSWER_B (llama_output): Overall=5 [correctness:5, reasoning:5, completeness:5, accuracy:5]
[[32mINFO[0m] [orchestrator.py:159 -                  run() ] Round 1 Turn 1 Role AFFIRMATIVE Score 5 [correctness:5, reasoning:4, completeness:5, accuracy:5]
[[32mINFO[0m] [orchestrator.py:159 -                  run() ] Round 1 Turn 2 Role NEGATIVE Score 3 [correctness:3, reasoning:4, completeness:5, accuracy:5]
[[32mINFO[0m] [runner_debate_dataset.py:122 -                 main() ] Completed debate 14 topic snippet=[A glass of milk is 8 ounces of milk.  John drinks 2 glasses of milk.  If milk ha] - saved to math_dataset_outputs/debates_consolidated.json
[[32mINFO[0m] [orchestrator.py:51 -             __init__() ] Loaded domain-specific evaluation prompt for: math
[[32mINFO[0m] [orchestrator.py:106 - _evaluate_initial_answers() ] Evaluated ANSWER_A (distill_llama_output): Overall=4 [correctness:5, reasoning:4, completeness:5, accuracy:5]
[[32mINFO[0m] [orchestrator.py:127 - _evaluate_initial_answers() ] Evaluated ANSWER_B (llama_output): Overall=5 [correctness:5, reasoning:5, completeness:5, accuracy:5]
[[32mINFO[0m] [orchestrator.py:159 -                  run() ] Round 1 Turn 1 Role AFFIRMATIVE Score 4 [correctness:5, reasoning:4, completeness:5, accuracy:5]
[[32mINFO[0m] [orchestrator.py:159 -                  run() ] Round 1 Turn 2 Role NEGATIVE Score 5 [correctness:5, reasoning:4, completeness:5, accuracy:5]
[[32mINFO[0m] [runner_debate_dataset.py:122 -                 main() ] Completed debate 15 topic snippet=[Mitchell is making nachos for his family. He buys two bags of chips with 55 chip] - saved to math_dataset_outputs/debates_consolidated.json
[[32mINFO[0m] [orchestrator.py:51 -             __init__() ] Loaded domain-specific evaluation prompt for: math
[[32mINFO[0m] [orchestrator.py:106 - _evaluate_initial_answers() ] Evaluated ANSWER_A (distill_llama_output): Overall=1 [correctness:5, reasoning:4, completeness:5, accuracy:5]
[[32mINFO[0m] [orchestrator.py:127 - _evaluate_initial_answers() ] Evaluated ANSWER_B (llama_output): Overall=4 [correctness:5, reasoning:4, completeness:5, accuracy:5]
[[32mINFO[0m] [orchestrator.py:159 -                  run() ] Round 1 Turn 1 Role AFFIRMATIVE Score 3 [correctness:3, reasoning:4, completeness:5, accuracy:3]
[[32mINFO[0m] [orchestrator.py:159 -                  run() ] Round 1 Turn 2 Role NEGATIVE Score 4 [correctness:4, reasoning:3, completeness:5, accuracy:4]
[[32mINFO[0m] [runner_debate_dataset.py:122 -                 main() ] Completed debate 16 topic snippet=[Christina records her mood every day on a calendar. Over the past thirty days of] - saved to math_dataset_outputs/debates_consolidated.json
[[32mINFO[0m] [orchestrator.py:51 -             __init__() ] Loaded domain-specific evaluation prompt for: math
[[32mINFO[0m] [orchestrator.py:106 - _evaluate_initial_answers() ] Evaluated ANSWER_A (distill_llama_output): Overall=4 [correctness:5, reasoning:4, completeness:5, accuracy:5]
[[32mINFO[0m] [orchestrator.py:127 - _evaluate_initial_answers() ] Evaluated ANSWER_B (llama_output): Overall=5 [correctness:5, reasoning:4, completeness:5, accuracy:5]
[[32mINFO[0m] [orchestrator.py:159 -                  run() ] Round 1 Turn 1 Role AFFIRMATIVE Score 5 [correctness:5, reasoning:4, completeness:5, accuracy:5]
[[32mINFO[0m] [orchestrator.py:159 -                  run() ] Round 1 Turn 2 Role NEGATIVE Score 4 [correctness:5, reasoning:4, completeness:4, accuracy:5]
[[32mINFO[0m] [runner_debate_dataset.py:122 -                 main() ] Completed debate 17 topic snippet=[Gissela, Gordy, and Gary are truck drivers.  Gissela has a truck large enough to] - saved to math_dataset_outputs/debates_consolidated.json
[[32mINFO[0m] [orchestrator.py:51 -             __init__() ] Loaded domain-specific evaluation prompt for: math
[[32mINFO[0m] [orchestrator.py:106 - _evaluate_initial_answers() ] Evaluated ANSWER_A (distill_llama_output): Overall=5 [correctness:5, reasoning:5, completeness:5, accuracy:5]
[[32mINFO[0m] [orchestrator.py:127 - _evaluate_initial_answers() ] Evaluated ANSWER_B (llama_output): Overall=5 [correctness:5, reasoning:4, completeness:5, accuracy:5]
[[32mINFO[0m] [orchestrator.py:159 -                  run() ] Round 1 Turn 1 Role AFFIRMATIVE Score 5 [correctness:5, reasoning:4, completeness:5, accuracy:5]
[[32mINFO[0m] [orchestrator.py:159 -                  run() ] Round 1 Turn 2 Role NEGATIVE Score 3 [correctness:3, reasoning:4, completeness:3, accuracy:3]
[[32mINFO[0m] [runner_debate_dataset.py:122 -                 main() ] Completed debate 18 topic snippet=[Beatrice bought ten packets of crayons for her Art class. Six of the packets had] - saved to math_dataset_outputs/debates_consolidated.json
[[32mINFO[0m] [orchestrator.py:51 -             __init__() ] Loaded domain-specific evaluation prompt for: math
[[32mINFO[0m] [orchestrator.py:106 - _evaluate_initial_answers() ] Evaluated ANSWER_A (distill_llama_output): Overall=4 [correctness:5, reasoning:4, completeness:5, accuracy:5]
[[32mINFO[0m] [orchestrator.py:127 - _evaluate_initial_answers() ] Evaluated ANSWER_B (llama_output): Overall=5 [correctness:5, reasoning:4, completeness:5, accuracy:5]
[[32mINFO[0m] [orchestrator.py:159 -                  run() ] Round 1 Turn 1 Role AFFIRMATIVE Score 5 [correctness:5, reasoning:5, completeness:5, accuracy:5]
[[32mINFO[0m] [orchestrator.py:159 -                  run() ] Round 1 Turn 2 Role NEGATIVE Score 5 [correctness:5, reasoning:4, completeness:5, accuracy:5]
[[32mINFO[0m] [runner_debate_dataset.py:122 -                 main() ] Completed debate 19 topic snippet=[Martin's weight is 55 kg. Carl’s weight is 16 kg more than Martin’s weight. Chri] - saved to math_dataset_outputs/debates_consolidated.json
[[32mINFO[0m] [orchestrator.py:51 -             __init__() ] Loaded domain-specific evaluation prompt for: math
[[32mINFO[0m] [orchestrator.py:106 - _evaluate_initial_answers() ] Evaluated ANSWER_A (distill_llama_output): Overall=4 [correctness:5, reasoning:4, completeness:5, accuracy:5]
[[32mINFO[0m] [orchestrator.py:127 - _evaluate_initial_answers() ] Evaluated ANSWER_B (llama_output): Overall=4 [correctness:5, reasoning:4, completeness:5, accuracy:5]
[[32mINFO[0m] [orchestrator.py:159 -                  run() ] Round 1 Turn 1 Role AFFIRMATIVE Score 3 [correctness:3, reasoning:4, completeness:5, accuracy:4]
[[32mINFO[0m] [orchestrator.py:159 -                  run() ] Round 1 Turn 2 Role NEGATIVE Score 3 [correctness:3, reasoning:4, completeness:5, accuracy:4]
[[32mINFO[0m] [runner_debate_dataset.py:122 -                 main() ] Completed debate 20 topic snippet=[There are 36 penguins sunbathing in the snow.  One-third of them jump in and swi] - saved to math_dataset_outputs/debates_consolidated.json
[[32mINFO[0m] [orchestrator.py:51 -             __init__() ] Loaded domain-specific evaluation prompt for: math
[[32mINFO[0m] [orchestrator.py:106 - _evaluate_initial_answers() ] Evaluated ANSWER_A (distill_llama_output): Overall=4 [correctness:5, reasoning:4, completeness:5, accuracy:5]
[[32mINFO[0m] [orchestrator.py:127 - _evaluate_initial_answers() ] Evaluated ANSWER_B (llama_output): Overall=5 [correctness:5, reasoning:4, completeness:5, accuracy:5]
[[32mINFO[0m] [orchestrator.py:159 -                  run() ] Round 1 Turn 1 Role AFFIRMATIVE Score 5 [correctness:5, reasoning:4, completeness:5, accuracy:5]
[[32mINFO[0m] [orchestrator.py:159 -                  run() ] Round 1 Turn 2 Role NEGATIVE Score 5 [correctness:5, reasoning:4, completeness:5, accuracy:5]
[[32mINFO[0m] [runner_debate_dataset.py:122 -                 main() ] Completed debate 21 topic snippet=[Two cars are driving on a highway.  The first car is traveling at an average spe] - saved to math_dataset_outputs/debates_consolidated.json
[[32mINFO[0m] [orchestrator.py:51 -             __init__() ] Loaded domain-specific evaluation prompt for: math
[[32mINFO[0m] [orchestrator.py:106 - _evaluate_initial_answers() ] Evaluated ANSWER_A (distill_llama_output): Overall=3 [correctness:5, reasoning:4, completeness:5, accuracy:5]
[[32mINFO[0m] [orchestrator.py:127 - _evaluate_initial_answers() ] Evaluated ANSWER_B (llama_output): Overall=4 [correctness:5, reasoning:4, completeness:5, accuracy:5]
[[32mINFO[0m] [orchestrator.py:159 -                  run() ] Round 1 Turn 1 Role AFFIRMATIVE Score 4 [correctness:5, reasoning:4, completeness:5, accuracy:5]
[[32mINFO[0m] [orchestrator.py:159 -                  run() ] Round 1 Turn 2 Role NEGATIVE Score 4 [correctness:5, reasoning:4, completeness:3, accuracy:5]
[[32mINFO[0m] [runner_debate_dataset.py:122 -                 main() ] Completed debate 22 topic snippet=[Liam and Mitchell own competing lemonade stands across the street from one anoth] - saved to math_dataset_outputs/debates_consolidated.json
[[32mINFO[0m] [orchestrator.py:51 -             __init__() ] Loaded domain-specific evaluation prompt for: math
[[32mINFO[0m] [orchestrator.py:106 - _evaluate_initial_answers() ] Evaluated ANSWER_A (distill_llama_output): Overall=3 [correctness:5, reasoning:4, completeness:5, accuracy:5]
[[32mINFO[0m] [orchestrator.py:127 - _evaluate_initial_answers() ] Evaluated ANSWER_B (llama_output): Overall=4 [correctness:5, reasoning:4, completeness:5, accuracy:5]
[[32mINFO[0m] [orchestrator.py:159 -                  run() ] Round 1 Turn 1 Role AFFIRMATIVE Score 4 [correctness:5, reasoning:4, completeness:4, accuracy:5]
[[32mINFO[0m] [orchestrator.py:159 -                  run() ] Round 1 Turn 2 Role NEGATIVE Score 3 [correctness:3, reasoning:4, completeness:4, accuracy:5]
[[32mINFO[0m] [runner_debate_dataset.py:122 -                 main() ] Completed debate 23 topic snippet=[Romeo boards a train with 120 people. At the first stop, 20 more people board th] - saved to math_dataset_outputs/debates_consolidated.json
[[32mINFO[0m] [orchestrator.py:51 -             __init__() ] Loaded domain-specific evaluation prompt for: math
[[32mINFO[0m] [orchestrator.py:106 - _evaluate_initial_answers() ] Evaluated ANSWER_A (distill_llama_output): Overall=5 [correctness:5, reasoning:5, completeness:5, accuracy:5]
[[32mINFO[0m] [orchestrator.py:127 - _evaluate_initial_answers() ] Evaluated ANSWER_B (llama_output): Overall=5 [correctness:5, reasoning:5, completeness:5, accuracy:5]
[[32mINFO[0m] [orchestrator.py:159 -                  run() ] Round 1 Turn 1 Role AFFIRMATIVE Score 3 [correctness:5, reasoning:4, completeness:3, accuracy:5]
